 ****** PrimeSim HSPICE -- V-2023.12-2 linux64 (Jan 31 2024 8697540) ******
  Copyright (c) 1986 - 2024 by Synopsys, Inc. All Rights Reserved.
  This software and the associated documentation are proprietary
  to Synopsys, Inc. This software may only be used in accordance
  with the terms and conditions of a written license agreement with
  Synopsys, Inc. All other use, reproduction, or distribution of
  this software is strictly prohibited.
  Input File: d_example_modif.sp                                                
  Command line options: /global/apps/hspice_2023.12-2/hspice/linux64/hspice d_example_modif.sp -o example_modif/d_example_modif
  Start time: Tue Feb 27 11:18:11 2024
 lic:  
 lic: FLEXlm: SDK_12.11.9.5 
 lic: USER:   dcheng               HOSTNAME: us01odcvde33041 
 lic: HOSTID: 7f0100               PID:      39754 
 lic: Using FLEXlm license file: 
 lic: 26585@us01hspicelmd 
 lic: Checkout 1 hspice 
 lic: License/Maintenance for hspice will expire on 31-jan-2025/2025.12 
 lic: 2028(in_use)/10000(total) FLOATING license(s) on SERVER 26585@us01hspicelmd 
 lic:   
  
  ******  Machine Information  ***********************************
  CPU:
  model name	: AMD EPYC 7543 32-Core Processor
  cpu MHz	: 2800.077
 CPU(s)		: 2
  
  OS:
  Linux version 3.10.0-1160.31.1.el7.x86_64 (mockbuild@kbuilder.bsys.centos.org) (gcc version 4.8.5 20150623 (Red Hat 4.8.5-44) (GCC) ) #1 SMP Thu Jun 10 13:32:12 UTC 2021

 System loadavg :  0.32 0.17 0.13 1/597 39787

  ******  Loading Files  *****************************************
  Loading 'd_example_modif.sp '
  Loading '/global/apps/hspice_2023.12-2/hspice/hspice.ini '
  Loading 'GCM155D70E106ME36_DC0V_125degC_0402_10uF.mod '



 **** List of Port Elements
Port Number     Mode        Zo       DC bias
     1         single    (0.100    ,0.0)    0.00    
     2         single    (0.100    ,0.0)    0.00    
     3         single    (0.100    ,0.0)    0.00    
 [S_Parameter_readin BEGIN]
 s-model [s_model]
 

Touchstone File "Z_plot_NNE_PCB_vf_reduceModel.s5p"
   Nport = 5
   Nfreq = 451
   Freq(1)Hz = 0
   Freq(end)Hz = 1e+09
   No noise parameter read. 

 [S_Parameter_readin END]
 s-model [s_model] s-parameter based stamping
 s-model [s_model]: S-domain rational function model
 [S_Parameter_readin BEGIN]
 s-model [s_model]
 

Touchstone File "Z_plot_NNE_PCB_vf_reduceModel.s5p"
   Nport = 5
   Nfreq = 451
   Freq(1)Hz = 0
   Freq(end)Hz = 1e+09
   No noise parameter read. 

 [S_Parameter_readin END]
 [s_model]  set recursive convolution order = 2
  **warning**  Force to swtich to recursive convolution algorithm. type=0
  
      
 ******  Options set in the netlist  ****************************
 lis_new = 1         post    = binary    probe   = 1         
 search  = /global/apps/hspice_2023.12-2/hspice/parts/behave
  
  
  ******  Summary of possible problems in netlist  ***************
  Negative resistor :      0
  Negative capacitor:      0
  Negative inductor :      0
  Unconnected node  :      0
  Dangling terminal :      0
  Source loop       :      0
  
  ******  Circuit Statistics  ************************************
  Resistors           :      28
  Capacitors(total)   :      20
     Coupling Capacitors :      18
  Inductors           :      14
  S Elements          :       1
  Port Elements       :       3
  Total # of Nodes    :      34
  Total # of Elements :      66


  
  ******  Analysis Details  **************************************
  dcop: begin dcop, cpu clock= 5.38E-01                                         
                                                  
 **info** dc convergence successful at Newton-Raphson method 
  dcop: end dcop, cpu clock= 5.47E-01 peak memory=     535 mb tot_iter=       3 
                                                  
  Opening 'example_modif/d_example_modif.ac0' for output.
  Waveform Format: POST=Binary, POST_VERSION=2013
  **warning** no probe statements specified, thus .ac# omitted
 
  AC Beginning
  10.20% Elapsed Frequency: 7.94e+00meg Estimated Time Left: 0:00:04        
  20.18% Elapsed Frequency: 6.31e+01meg Estimated Time Left: 0:00:02        
  30.16% Elapsed Frequency: 5.01e+02meg Estimated Time Left: 0:00:01        
  40.13% Elapsed Frequency: 3.98e+03meg Estimated Time Left: 0:00:00        
  50.11% Elapsed Frequency: 3.16e+04meg Estimated Time Left: 0:00:00        
  60.09% Elapsed Frequency: 2.51e+05meg Estimated Time Left: 0:00:00        
  70.07% Elapsed Frequency: 2.00e+06meg Estimated Time Left: 0:00:00        
  80.04% Elapsed Frequency: 1.58e+07meg Estimated Time Left: 0:00:00        
  90.02% Elapsed Frequency: 1.26e+08meg Estimated Time Left: 0:00:00        
  100.00% Elapsed Frequency: 1.00e+09meg Estimated Time Left: 0:00:00        
  AC End

          ***** job concluded
 ******  
 *** lin ***

 ****** job statistics summary tnom=  25.000 temp=  25.000 ******

  ******  PrimeSim HSPICE Threads Information  ******

  Command Line Threads Count :     1
  Available CPU Count        :     2
  Actual Threads Count       :     1



  ******  Runtime Statistics (seconds)  ******

  analysis           time    # points   tot. iter  conv.iter
  op point           0.01           1           3
  ac analysis        0.02         451         451
  readin             0.05
  errchk             0.23
  setup              0.00
  output             0.00


           peak memory used        535.47 megabytes
           total cpu time            0.33 seconds
           total elapsed time        0.58 seconds
           job started at     11:18:11 02/27/2024
           job ended   at     11:18:12 02/27/2024
           job total runtime         0.58 seconds


 lic: Release hspice token(s) 
 lic: total license checkout elapse time:        0.21(s)
